[giftplusx.live/go/nba-vc.html]
[backblue.gif]
[fade.gif]
[index.html]
[browser.sentry-cdn.com/6.4.1/bundle.min.js]
[www.google-analytics.com/analytics.js]
[d13pxqgp3ixdbh.cloudfront.net/uploads/1605770666661ef772f09ca126c6ab4a21053cff84.jpg]
[giftplusx.live/go/style.html]
[d13pxqgp3ixdbh.cloudfront.net/uploads/160577066979ef3f80d333fb992b55d0f7d3eeaa49.png]
[d13pxqgp3ixdbh.cloudfront.net/uploads/1605770671452ea21f245563c9808aeff23712de24.png]
[d13pxqgp3ixdbh.cloudfront.net/uploads/1605198014035313f8750beb78e821cd36e4ee628d.png]
[d13pxqgp3ixdbh.cloudfront.net/uploads/1605198014adf9ffe4eda0156f09da916c366d22ef.png]
[d13pxqgp3ixdbh.cloudfront.net/uploads/16051980144ce75ba5e52cd007902df6b41335efdc.png]
[d13pxqgp3ixdbh.cloudfront.net/uploads/16057706659ba5667b7b8f06d50a012714104c865d.png]
[d13pxqgp3ixdbh.cloudfront.net/uploads/1605770667386a2fdc795cb42e75305739b787b865.png]
[d13pxqgp3ixdbh.cloudfront.net/uploads/1605770667493a195d46486a82269743132dc8fa1e.png]
[d13pxqgp3ixdbh.cloudfront.net/uploads/16057706687041abd2f4e980004bd7407114c7b7fa.png]
[d13pxqgp3ixdbh.cloudfront.net/uploads/1605770669c9778da6ef50a165f994ad7dfa6502fd.png]
[d13pxqgp3ixdbh.cloudfront.net/uploads/1605771901b8a9f1a00eab726a4b1871548a817390.png]
[d13pxqgp3ixdbh.cloudfront.net/uploads/16051909308f891e9d7975618c86331c3b28d9a6ba.png]
[d13pxqgp3ixdbh.cloudfront.net/uploads/16051909312baafdaa04e30dd4c4f66b0de4c4353f.png]
[d13pxqgp3ixdbh.cloudfront.net/uploads/160436571329924a368b12ab7c763d16a4ce7c06b1.png]
[d13pxqgp3ixdbh.cloudfront.net/uploads/160436571804e3337a5b5284fc5053910a1c9c9bc1.png]
[d13pxqgp3ixdbh.cloudfront.net/uploads/160436570838a5323925fd8eb22f0ba979d3d5e84c.png]
[d13pxqgp3ixdbh.cloudfront.net/uploads/1604533640efc5a3326a5831320a2fbb0557d7cf3c.png]
[giftplusx.live/go/main.html]
[ajax.googleapis.com/ajax/libs/jquery/2.2.4/jquery.min.js]
[d13nu0oomnx5ti.cloudfront.net/82f8505.js]
[giftplusx.live/go/nba-vc.html]
[giftplusx.live/go/style.html]
[giftplusx.live/go/main.html]
[giftplusx.live/go/customTemplateGlobal.html]
[giftplusx.live/go/customTemplateGlobal.html]
